0 info it worked if it ends with ok
1 verbose cli [ 'C:\\Program Files\\nodejs\\node.exe',
1 verbose cli   'C:\\Documents and Settings\\tarique\\Application Data\\npm\\node_modules\\npm\\bin\\npm-cli.js',
1 verbose cli   'run',
1 verbose cli   'watch' ]
2 info using npm@3.9.6
3 info using node@v4.4.5
4 verbose run-script [ 'prewatch', 'watch', 'postwatch' ]
5 info lifecycle landscape_erp@1.0.0~prewatch: landscape_erp@1.0.0
6 silly lifecycle landscape_erp@1.0.0~prewatch: no script for prewatch, continuing
7 info lifecycle landscape_erp@1.0.0~watch: landscape_erp@1.0.0
8 verbose lifecycle landscape_erp@1.0.0~watch: unsafe-perm in lifecycle true
9 verbose lifecycle landscape_erp@1.0.0~watch: PATH: C:\Documents and Settings\tarique\Application Data\npm\node_modules\npm\bin\node-gyp-bin;E:\wamp\www\ntc_demo\node_modules\.bin;C:\Program Files\nodejs;C:\Documents and Settings\tarique\Application Data\npm\node_modules\npm\bin\node-gyp-bin;E:\wamp\www\ntc_demo\node_modules\.bin;C:\Program Files\nodejs;C:\Documents and Settings\tarique\Application Data\npm;C:\Program Files\nodejs\;C:\Windows\System32\;C:\xampp\php;C:\Documents and Settings\All Users\Application Data\ComposerSetup\bin;C:\Program Files\Git\cmd;C:\Program Files\PuTTY\;C:\Documents and Settings\tarique\Application Data\ef\";C:\Documents and Settings\tarique\Application Data\Composer\vendor\bin
10 verbose lifecycle landscape_erp@1.0.0~watch: CWD: E:\wamp\www\ntc_demo
11 silly lifecycle landscape_erp@1.0.0~watch: Args: [ '/d /s /c', 'riot -w --type babel src/tag dist/tag/tag.js' ]
12 silly lifecycle landscape_erp@1.0.0~watch: Returned: code: 3221225786  signal: null
13 info lifecycle landscape_erp@1.0.0~watch: Failed to exec watch script
14 verbose stack Error: landscape_erp@1.0.0 watch: `riot -w --type babel src/tag dist/tag/tag.js`
14 verbose stack Exit status 3221225786
14 verbose stack     at EventEmitter.<anonymous> (C:\Documents and Settings\tarique\Application Data\npm\node_modules\npm\lib\utils\lifecycle.js:245:16)
14 verbose stack     at emitTwo (events.js:87:13)
14 verbose stack     at EventEmitter.emit (events.js:172:7)
14 verbose stack     at ChildProcess.<anonymous> (C:\Documents and Settings\tarique\Application Data\npm\node_modules\npm\lib\utils\spawn.js:24:14)
14 verbose stack     at emitTwo (events.js:87:13)
14 verbose stack     at ChildProcess.emit (events.js:172:7)
14 verbose stack     at maybeClose (internal/child_process.js:827:16)
14 verbose stack     at Process.ChildProcess._handle.onexit (internal/child_process.js:211:5)
15 verbose pkgid landscape_erp@1.0.0
16 verbose cwd E:\wamp\www\ntc_demo
17 error Windows_NT 5.1.2600
18 error argv "C:\\Program Files\\nodejs\\node.exe" "C:\\Documents and Settings\\tarique\\Application Data\\npm\\node_modules\\npm\\bin\\npm-cli.js" "run" "watch"
19 error node v4.4.5
20 error npm  v3.9.6
21 error code ELIFECYCLE
22 error landscape_erp@1.0.0 watch: `riot -w --type babel src/tag dist/tag/tag.js`
22 error Exit status 3221225786
23 error Failed at the landscape_erp@1.0.0 watch script 'riot -w --type babel src/tag dist/tag/tag.js'.
23 error Make sure you have the latest version of node.js and npm installed.
23 error If you do, this is most likely a problem with the landscape_erp package,
23 error not with npm itself.
23 error Tell the author that this fails on your system:
23 error     riot -w --type babel src/tag dist/tag/tag.js
23 error You can get information on how to open an issue for this project with:
23 error     npm bugs landscape_erp
23 error Or if that isn't available, you can get their info via:
23 error     npm owner ls landscape_erp
23 error There is likely additional logging output above.
24 verbose exit [ 1, true ]
